running egg_info
creating ../../build/ros_summer/ros_summer.egg-info
writing ../../build/ros_summer/ros_summer.egg-info/PKG-INFO
writing dependency_links to ../../build/ros_summer/ros_summer.egg-info/dependency_links.txt
writing entry points to ../../build/ros_summer/ros_summer.egg-info/entry_points.txt
writing requirements to ../../build/ros_summer/ros_summer.egg-info/requires.txt
writing top-level names to ../../build/ros_summer/ros_summer.egg-info/top_level.txt
writing manifest file '../../build/ros_summer/ros_summer.egg-info/SOURCES.txt'
reading manifest file '../../build/ros_summer/ros_summer.egg-info/SOURCES.txt'
writing manifest file '../../build/ros_summer/ros_summer.egg-info/SOURCES.txt'
running build
running build_py
creating /home/ubuntu/code/ros_summer/build/ros_summer/build
creating /home/ubuntu/code/ros_summer/build/ros_summer/build/lib
creating /home/ubuntu/code/ros_summer/build/ros_summer/build/lib/ros_summer
copying ros_summer/counter.py -> /home/ubuntu/code/ros_summer/build/ros_summer/build/lib/ros_summer
copying ros_summer/__init__.py -> /home/ubuntu/code/ros_summer/build/ros_summer/build/lib/ros_summer
running install
running install_lib
creating /home/ubuntu/code/ros_summer/install/ros_summer/lib/python3.8/site-packages/ros_summer
copying /home/ubuntu/code/ros_summer/build/ros_summer/build/lib/ros_summer/counter.py -> /home/ubuntu/code/ros_summer/install/ros_summer/lib/python3.8/site-packages/ros_summer
copying /home/ubuntu/code/ros_summer/build/ros_summer/build/lib/ros_summer/__init__.py -> /home/ubuntu/code/ros_summer/install/ros_summer/lib/python3.8/site-packages/ros_summer
byte-compiling /home/ubuntu/code/ros_summer/install/ros_summer/lib/python3.8/site-packages/ros_summer/counter.py to counter.cpython-38.pyc
byte-compiling /home/ubuntu/code/ros_summer/install/ros_summer/lib/python3.8/site-packages/ros_summer/__init__.py to __init__.cpython-38.pyc
running install_data
creating /home/ubuntu/code/ros_summer/install/ros_summer/share/ament_index
creating /home/ubuntu/code/ros_summer/install/ros_summer/share/ament_index/resource_index
creating /home/ubuntu/code/ros_summer/install/ros_summer/share/ament_index/resource_index/packages
