[0.632s] Invoking command in '/home/ubuntu/code/ros_summer/src/ros_summer': PYTHONPATH=/home/ubuntu/code/ros_summer/install/ros_summer/lib/python3.8/site-packages:${PYTHONPATH} /usr/bin/python3 setup.py egg_info --egg-base ../../build/ros_summer build --build-base /home/ubuntu/code/ros_summer/build/ros_summer/build install --prefix /home/ubuntu/code/ros_summer/install/ros_summer --record /home/ubuntu/code/ros_summer/build/ros_summer/install.log --single-version-externally-managed
[1.233s] running egg_info
[1.235s] creating ../../build/ros_summer/ros_summer.egg-info
[1.235s] writing ../../build/ros_summer/ros_summer.egg-info/PKG-INFO
[1.236s] writing dependency_links to ../../build/ros_summer/ros_summer.egg-info/dependency_links.txt
[1.237s] writing entry points to ../../build/ros_summer/ros_summer.egg-info/entry_points.txt
[1.237s] writing requirements to ../../build/ros_summer/ros_summer.egg-info/requires.txt
[1.238s] writing top-level names to ../../build/ros_summer/ros_summer.egg-info/top_level.txt
[1.391s] writing manifest file '../../build/ros_summer/ros_summer.egg-info/SOURCES.txt'
[1.717s] reading manifest file '../../build/ros_summer/ros_summer.egg-info/SOURCES.txt'
[1.720s] writing manifest file '../../build/ros_summer/ros_summer.egg-info/SOURCES.txt'
[1.720s] running build
[1.721s] running build_py
[1.721s] creating /home/ubuntu/code/ros_summer/build/ros_summer/build
[1.722s] creating /home/ubuntu/code/ros_summer/build/ros_summer/build/lib
[1.722s] creating /home/ubuntu/code/ros_summer/build/ros_summer/build/lib/ros_summer
[1.723s] copying ros_summer/counter.py -> /home/ubuntu/code/ros_summer/build/ros_summer/build/lib/ros_summer
[1.723s] copying ros_summer/__init__.py -> /home/ubuntu/code/ros_summer/build/ros_summer/build/lib/ros_summer
[1.724s] running install
[1.735s] running install_lib
[1.750s] creating /home/ubuntu/code/ros_summer/install/ros_summer/lib/python3.8/site-packages/ros_summer
[1.750s] copying /home/ubuntu/code/ros_summer/build/ros_summer/build/lib/ros_summer/counter.py -> /home/ubuntu/code/ros_summer/install/ros_summer/lib/python3.8/site-packages/ros_summer
[1.751s] copying /home/ubuntu/code/ros_summer/build/ros_summer/build/lib/ros_summer/__init__.py -> /home/ubuntu/code/ros_summer/install/ros_summer/lib/python3.8/site-packages/ros_summer
[1.754s] byte-compiling /home/ubuntu/code/ros_summer/install/ros_summer/lib/python3.8/site-packages/ros_summer/counter.py to counter.cpython-38.pyc
[1.766s] byte-compiling /home/ubuntu/code/ros_summer/install/ros_summer/lib/python3.8/site-packages/ros_summer/__init__.py to __init__.cpython-38.pyc
[1.769s] running install_data
[1.773s] creating /home/ubuntu/code/ros_summer/install/ros_summer/share/ament_index
[1.775s] creating /home/ubuntu/code/ros_summer/install/ros_summer/share/ament_index/resource_index
[1.776s] creating /home/ubuntu/code/ros_summer/install/ros_summer/share/ament_index/resource_index/packages
[1.777s] error: can't copy 'resource/ros_summer': doesn't exist or not a regular file
[1.828s] Invoked command in '/home/ubuntu/code/ros_summer/src/ros_summer' returned '1': PYTHONPATH=/home/ubuntu/code/ros_summer/install/ros_summer/lib/python3.8/site-packages:${PYTHONPATH} /usr/bin/python3 setup.py egg_info --egg-base ../../build/ros_summer build --build-base /home/ubuntu/code/ros_summer/build/ros_summer/build install --prefix /home/ubuntu/code/ros_summer/install/ros_summer --record /home/ubuntu/code/ros_summer/build/ros_summer/install.log --single-version-externally-managed
